2020-05-05 12:22:48,758 INFO com.position.positionSquareService.PositionSquareServiceApplication [main] Starting PositionSquareServiceApplication on venu-X556UR with PID 7873 (/home/venu/Documents/Position2/positionsqaureservice/target/classes started by venu in /home/venu/Documents/Position2/positionsqaureservice)
2020-05-05 12:22:48,776 INFO com.position.positionSquareService.PositionSquareServiceApplication [main] The following profiles are active: dev
2020-05-05 12:22:49,769 WARN org.mybatis.spring.mapper.ClassPathMapperScanner [main] No MyBatis mapper was found in '[com.position.positionSquareService]' package. Please check your configuration.
2020-05-05 12:22:50,164 INFO org.apache.catalina.core.StandardService [main] Starting service [Tomcat]
2020-05-05 12:22:50,164 INFO org.apache.catalina.core.StandardEngine [main] Starting Servlet engine: [Apache Tomcat/9.0.33]
2020-05-05 12:22:50,231 INFO org.apache.catalina.core.ContainerBase.[Tomcat].[localhost].[/] [main] Initializing Spring embedded WebApplicationContext
2020-05-05 12:22:50,320 INFO com.zaxxer.hikari.HikariDataSource [main] HikariPool-1 - Starting...
2020-05-05 12:22:50,896 INFO com.zaxxer.hikari.HikariDataSource [main] HikariPool-1 - Start completed.
2020-05-05 12:22:51,685 INFO liquibase.executor.jvm.JdbcExecutor [main] SELECT COUNT(*) FROM POSITION_SQUARE.DATABASECHANGELOGLOCK
2020-05-05 12:22:51,757 INFO liquibase.executor.jvm.JdbcExecutor [main] SELECT COUNT(*) FROM POSITION_SQUARE.DATABASECHANGELOGLOCK
2020-05-05 12:22:51,764 INFO liquibase.executor.jvm.JdbcExecutor [main] SELECT `LOCKED` FROM POSITION_SQUARE.DATABASECHANGELOGLOCK WHERE ID=1
2020-05-05 12:22:51,901 INFO liquibase.lockservice.StandardLockService [main] Successfully acquired change log lock
2020-05-05 12:22:53,954 INFO liquibase.executor.jvm.JdbcExecutor [main] SELECT MD5SUM FROM POSITION_SQUARE.DATABASECHANGELOG WHERE MD5SUM IS NOT NULL LIMIT 1
2020-05-05 12:22:53,970 INFO liquibase.executor.jvm.JdbcExecutor [main] SELECT COUNT(*) FROM POSITION_SQUARE.DATABASECHANGELOG
2020-05-05 12:22:53,971 INFO liquibase.changelog.StandardChangeLogHistoryService [main] Reading from POSITION_SQUARE.DATABASECHANGELOG
2020-05-05 12:22:53,971 INFO liquibase.executor.jvm.JdbcExecutor [main] SELECT * FROM POSITION_SQUARE.DATABASECHANGELOG ORDER BY DATEEXECUTED ASC, ORDEREXECUTED ASC
2020-05-05 12:22:54,031 INFO liquibase.lockservice.StandardLockService [main] Successfully released change log lock
2020-05-05 12:22:54,033 INFO com.zaxxer.hikari.HikariDataSource [main] HikariPool-1 - Shutdown initiated...
2020-05-05 12:22:54,050 INFO com.zaxxer.hikari.HikariDataSource [main] HikariPool-1 - Shutdown completed.
2020-05-05 12:22:54,052 INFO org.apache.catalina.core.StandardService [main] Stopping service [Tomcat]
2020-05-05 12:22:54,075 ERROR org.springframework.boot.SpringApplication [main] Application run failed
org.springframework.beans.factory.BeanCreationException: Error creating bean with name 'liquibase' defined in class path resource [org/springframework/boot/autoconfigure/liquibase/LiquibaseAutoConfiguration$LiquibaseConfiguration.class]: Invocation of init method failed; nested exception is liquibase.exception.ValidationFailedException: Validation Failed:
     1 changes have validation failures
          columnDataType is required for renameColumn on mysql, /changelog/changelog-1.1.xml::1.2::Venu

	at org.springframework.beans.factory.support.AbstractAutowireCapableBeanFactory.initializeBean(AbstractAutowireCapableBeanFactory.java:1796)
	at org.springframework.beans.factory.support.AbstractAutowireCapableBeanFactory.doCreateBean(AbstractAutowireCapableBeanFactory.java:595)
	at org.springframework.beans.factory.support.AbstractAutowireCapableBeanFactory.createBean(AbstractAutowireCapableBeanFactory.java:517)
	at org.springframework.beans.factory.support.AbstractBeanFactory.lambda$doGetBean$0(AbstractBeanFactory.java:323)
	at org.springframework.beans.factory.support.DefaultSingletonBeanRegistry.getSingleton(DefaultSingletonBeanRegistry.java:222)
	at org.springframework.beans.factory.support.AbstractBeanFactory.doGetBean(AbstractBeanFactory.java:321)
	at org.springframework.beans.factory.support.AbstractBeanFactory.getBean(AbstractBeanFactory.java:202)
	at org.springframework.beans.factory.support.AbstractBeanFactory.doGetBean(AbstractBeanFactory.java:310)
	at org.springframework.beans.factory.support.AbstractBeanFactory.getBean(AbstractBeanFactory.java:202)
	at org.springframework.context.support.AbstractApplicationContext.getBean(AbstractApplicationContext.java:1108)
	at org.springframework.context.support.AbstractApplicationContext.finishBeanFactoryInitialization(AbstractApplicationContext.java:868)
	at org.springframework.context.support.AbstractApplicationContext.refresh(AbstractApplicationContext.java:550)
	at org.springframework.boot.web.servlet.context.ServletWebServerApplicationContext.refresh(ServletWebServerApplicationContext.java:141)
	at org.springframework.boot.SpringApplication.refresh(SpringApplication.java:747)
	at org.springframework.boot.SpringApplication.refreshContext(SpringApplication.java:397)
	at org.springframework.boot.SpringApplication.run(SpringApplication.java:315)
	at org.springframework.boot.SpringApplication.run(SpringApplication.java:1226)
	at org.springframework.boot.SpringApplication.run(SpringApplication.java:1215)
	at com.position.positionSquareService.PositionSquareServiceApplication.main(PositionSquareServiceApplication.java:10)
Caused by: liquibase.exception.ValidationFailedException: Validation Failed:
     1 changes have validation failures
          columnDataType is required for renameColumn on mysql, /changelog/changelog-1.1.xml::1.2::Venu

	at liquibase.changelog.DatabaseChangeLog.validate(DatabaseChangeLog.java:288)
	at liquibase.Liquibase.update(Liquibase.java:198)
	at liquibase.Liquibase.update(Liquibase.java:179)
	at liquibase.integration.spring.SpringLiquibase.performUpdate(SpringLiquibase.java:366)
	at liquibase.integration.spring.SpringLiquibase.afterPropertiesSet(SpringLiquibase.java:314)
	at org.springframework.beans.factory.support.AbstractAutowireCapableBeanFactory.invokeInitMethods(AbstractAutowireCapableBeanFactory.java:1855)
	at org.springframework.beans.factory.support.AbstractAutowireCapableBeanFactory.initializeBean(AbstractAutowireCapableBeanFactory.java:1792)
	... 18 common frames omitted
2020-05-05 12:23:31,028 INFO com.position.positionSquareService.PositionSquareServiceApplication [main] Starting PositionSquareServiceApplication on venu-X556UR with PID 7966 (/home/venu/Documents/Position2/positionsqaureservice/target/classes started by venu in /home/venu/Documents/Position2/positionsqaureservice)
2020-05-05 12:23:31,030 INFO com.position.positionSquareService.PositionSquareServiceApplication [main] The following profiles are active: dev
2020-05-05 12:23:31,999 WARN org.mybatis.spring.mapper.ClassPathMapperScanner [main] No MyBatis mapper was found in '[com.position.positionSquareService]' package. Please check your configuration.
2020-05-05 12:23:32,475 INFO org.apache.catalina.core.StandardService [main] Starting service [Tomcat]
2020-05-05 12:23:32,476 INFO org.apache.catalina.core.StandardEngine [main] Starting Servlet engine: [Apache Tomcat/9.0.33]
2020-05-05 12:23:32,543 INFO org.apache.catalina.core.ContainerBase.[Tomcat].[localhost].[/] [main] Initializing Spring embedded WebApplicationContext
2020-05-05 12:23:32,640 INFO com.zaxxer.hikari.HikariDataSource [main] HikariPool-1 - Starting...
2020-05-05 12:23:32,890 INFO com.zaxxer.hikari.HikariDataSource [main] HikariPool-1 - Start completed.
2020-05-05 12:23:33,609 INFO liquibase.executor.jvm.JdbcExecutor [main] SELECT COUNT(*) FROM POSITION_SQUARE.DATABASECHANGELOGLOCK
2020-05-05 12:23:33,616 INFO liquibase.executor.jvm.JdbcExecutor [main] SELECT COUNT(*) FROM POSITION_SQUARE.DATABASECHANGELOGLOCK
2020-05-05 12:23:33,618 INFO liquibase.executor.jvm.JdbcExecutor [main] SELECT `LOCKED` FROM POSITION_SQUARE.DATABASECHANGELOGLOCK WHERE ID=1
2020-05-05 12:23:33,802 INFO liquibase.lockservice.StandardLockService [main] Successfully acquired change log lock
2020-05-05 12:23:35,429 INFO liquibase.executor.jvm.JdbcExecutor [main] SELECT MD5SUM FROM POSITION_SQUARE.DATABASECHANGELOG WHERE MD5SUM IS NOT NULL LIMIT 1
2020-05-05 12:23:35,431 INFO liquibase.executor.jvm.JdbcExecutor [main] SELECT COUNT(*) FROM POSITION_SQUARE.DATABASECHANGELOG
2020-05-05 12:23:35,432 INFO liquibase.changelog.StandardChangeLogHistoryService [main] Reading from POSITION_SQUARE.DATABASECHANGELOG
2020-05-05 12:23:35,433 INFO liquibase.executor.jvm.JdbcExecutor [main] SELECT * FROM POSITION_SQUARE.DATABASECHANGELOG ORDER BY DATEEXECUTED ASC, ORDEREXECUTED ASC
2020-05-05 12:23:35,444 INFO liquibase.executor.jvm.JdbcExecutor [main] ALTER TABLE POSITION_SQUARE.GOOGLE_CLICKS MODIFY ID INT AUTO_INCREMENT
2020-05-05 12:23:35,454 ERROR liquibase.changelog.ChangeSet [main] Change Set /changelog/changelog-1.1.xml::1.2::Venu failed.  Error: Unknown column 'ID' in 'GOOGLE_CLICKS' [Failed SQL: (1054) ALTER TABLE POSITION_SQUARE.GOOGLE_CLICKS MODIFY ID INT AUTO_INCREMENT]
2020-05-05 12:23:35,502 INFO liquibase.lockservice.StandardLockService [main] Successfully released change log lock
2020-05-05 12:23:35,509 INFO com.zaxxer.hikari.HikariDataSource [main] HikariPool-1 - Shutdown initiated...
2020-05-05 12:23:35,567 INFO com.zaxxer.hikari.HikariDataSource [main] HikariPool-1 - Shutdown completed.
2020-05-05 12:23:35,577 INFO org.apache.catalina.core.StandardService [main] Stopping service [Tomcat]
2020-05-05 12:23:35,645 ERROR org.springframework.boot.SpringApplication [main] Application run failed
org.springframework.beans.factory.BeanCreationException: Error creating bean with name 'liquibase' defined in class path resource [org/springframework/boot/autoconfigure/liquibase/LiquibaseAutoConfiguration$LiquibaseConfiguration.class]: Invocation of init method failed; nested exception is liquibase.exception.MigrationFailedException: Migration failed for change set /changelog/changelog-1.1.xml::1.2::Venu:
     Reason: liquibase.exception.DatabaseException: Unknown column 'ID' in 'GOOGLE_CLICKS' [Failed SQL: (1054) ALTER TABLE POSITION_SQUARE.GOOGLE_CLICKS MODIFY ID INT AUTO_INCREMENT]
	at org.springframework.beans.factory.support.AbstractAutowireCapableBeanFactory.initializeBean(AbstractAutowireCapableBeanFactory.java:1796)
	at org.springframework.beans.factory.support.AbstractAutowireCapableBeanFactory.doCreateBean(AbstractAutowireCapableBeanFactory.java:595)
	at org.springframework.beans.factory.support.AbstractAutowireCapableBeanFactory.createBean(AbstractAutowireCapableBeanFactory.java:517)
	at org.springframework.beans.factory.support.AbstractBeanFactory.lambda$doGetBean$0(AbstractBeanFactory.java:323)
	at org.springframework.beans.factory.support.DefaultSingletonBeanRegistry.getSingleton(DefaultSingletonBeanRegistry.java:222)
	at org.springframework.beans.factory.support.AbstractBeanFactory.doGetBean(AbstractBeanFactory.java:321)
	at org.springframework.beans.factory.support.AbstractBeanFactory.getBean(AbstractBeanFactory.java:202)
	at org.springframework.beans.factory.support.AbstractBeanFactory.doGetBean(AbstractBeanFactory.java:310)
	at org.springframework.beans.factory.support.AbstractBeanFactory.getBean(AbstractBeanFactory.java:202)
	at org.springframework.context.support.AbstractApplicationContext.getBean(AbstractApplicationContext.java:1108)
	at org.springframework.context.support.AbstractApplicationContext.finishBeanFactoryInitialization(AbstractApplicationContext.java:868)
	at org.springframework.context.support.AbstractApplicationContext.refresh(AbstractApplicationContext.java:550)
	at org.springframework.boot.web.servlet.context.ServletWebServerApplicationContext.refresh(ServletWebServerApplicationContext.java:141)
	at org.springframework.boot.SpringApplication.refresh(SpringApplication.java:747)
	at org.springframework.boot.SpringApplication.refreshContext(SpringApplication.java:397)
	at org.springframework.boot.SpringApplication.run(SpringApplication.java:315)
	at org.springframework.boot.SpringApplication.run(SpringApplication.java:1226)
	at org.springframework.boot.SpringApplication.run(SpringApplication.java:1215)
	at com.position.positionSquareService.PositionSquareServiceApplication.main(PositionSquareServiceApplication.java:10)
Caused by: liquibase.exception.MigrationFailedException: Migration failed for change set /changelog/changelog-1.1.xml::1.2::Venu:
     Reason: liquibase.exception.DatabaseException: Unknown column 'ID' in 'GOOGLE_CLICKS' [Failed SQL: (1054) ALTER TABLE POSITION_SQUARE.GOOGLE_CLICKS MODIFY ID INT AUTO_INCREMENT]
	at liquibase.changelog.ChangeSet.execute(ChangeSet.java:646)
	at liquibase.changelog.visitor.UpdateVisitor.visit(UpdateVisitor.java:53)
	at liquibase.changelog.ChangeLogIterator.run(ChangeLogIterator.java:83)
	at liquibase.Liquibase.update(Liquibase.java:202)
	at liquibase.Liquibase.update(Liquibase.java:179)
	at liquibase.integration.spring.SpringLiquibase.performUpdate(SpringLiquibase.java:366)
	at liquibase.integration.spring.SpringLiquibase.afterPropertiesSet(SpringLiquibase.java:314)
	at org.springframework.beans.factory.support.AbstractAutowireCapableBeanFactory.invokeInitMethods(AbstractAutowireCapableBeanFactory.java:1855)
	at org.springframework.beans.factory.support.AbstractAutowireCapableBeanFactory.initializeBean(AbstractAutowireCapableBeanFactory.java:1792)
	... 18 common frames omitted
Caused by: liquibase.exception.DatabaseException: Unknown column 'ID' in 'GOOGLE_CLICKS' [Failed SQL: (1054) ALTER TABLE POSITION_SQUARE.GOOGLE_CLICKS MODIFY ID INT AUTO_INCREMENT]
	at liquibase.executor.jvm.JdbcExecutor$ExecuteStatementCallback.doInStatement(JdbcExecutor.java:402)
	at liquibase.executor.jvm.JdbcExecutor.execute(JdbcExecutor.java:59)
	at liquibase.executor.jvm.JdbcExecutor.execute(JdbcExecutor.java:131)
	at liquibase.database.AbstractJdbcDatabase.execute(AbstractJdbcDatabase.java:1276)
	at liquibase.database.AbstractJdbcDatabase.executeStatements(AbstractJdbcDatabase.java:1258)
	at liquibase.changelog.ChangeSet.execute(ChangeSet.java:609)
	... 26 common frames omitted
Caused by: java.sql.SQLSyntaxErrorException: Unknown column 'ID' in 'GOOGLE_CLICKS'
	at com.mysql.cj.jdbc.exceptions.SQLError.createSQLException(SQLError.java:120)
	at com.mysql.cj.jdbc.exceptions.SQLError.createSQLException(SQLError.java:97)
	at com.mysql.cj.jdbc.exceptions.SQLExceptionsMapping.translateException(SQLExceptionsMapping.java:122)
	at com.mysql.cj.jdbc.StatementImpl.executeInternal(StatementImpl.java:764)
	at com.mysql.cj.jdbc.StatementImpl.execute(StatementImpl.java:648)
	at com.zaxxer.hikari.pool.ProxyStatement.execute(ProxyStatement.java:95)
	at com.zaxxer.hikari.pool.HikariProxyStatement.execute(HikariProxyStatement.java)
	at liquibase.executor.jvm.JdbcExecutor$ExecuteStatementCallback.doInStatement(JdbcExecutor.java:398)
	... 31 common frames omitted
2020-05-05 12:27:29,184 INFO com.position.positionSquareService.PositionSquareServiceApplication [main] Starting PositionSquareServiceApplication on venu-X556UR with PID 8224 (/home/venu/Documents/Position2/positionsqaureservice/target/classes started by venu in /home/venu/Documents/Position2/positionsqaureservice)
2020-05-05 12:27:29,186 INFO com.position.positionSquareService.PositionSquareServiceApplication [main] The following profiles are active: dev
2020-05-05 12:27:30,269 WARN org.mybatis.spring.mapper.ClassPathMapperScanner [main] No MyBatis mapper was found in '[com.position.positionSquareService]' package. Please check your configuration.
2020-05-05 12:27:30,738 INFO org.apache.catalina.core.StandardService [main] Starting service [Tomcat]
2020-05-05 12:27:30,738 INFO org.apache.catalina.core.StandardEngine [main] Starting Servlet engine: [Apache Tomcat/9.0.33]
2020-05-05 12:27:30,813 INFO org.apache.catalina.core.ContainerBase.[Tomcat].[localhost].[/] [main] Initializing Spring embedded WebApplicationContext
2020-05-05 12:27:30,897 INFO com.zaxxer.hikari.HikariDataSource [main] HikariPool-1 - Starting...
2020-05-05 12:27:31,145 INFO com.zaxxer.hikari.HikariDataSource [main] HikariPool-1 - Start completed.
2020-05-05 12:27:31,919 INFO liquibase.executor.jvm.JdbcExecutor [main] SELECT COUNT(*) FROM POSITION_SQUARE.DATABASECHANGELOGLOCK
2020-05-05 12:27:31,926 INFO liquibase.executor.jvm.JdbcExecutor [main] SELECT COUNT(*) FROM POSITION_SQUARE.DATABASECHANGELOGLOCK
2020-05-05 12:27:31,928 INFO liquibase.executor.jvm.JdbcExecutor [main] SELECT `LOCKED` FROM POSITION_SQUARE.DATABASECHANGELOGLOCK WHERE ID=1
2020-05-05 12:27:31,994 INFO liquibase.lockservice.StandardLockService [main] Successfully acquired change log lock
2020-05-05 12:27:33,542 INFO liquibase.executor.jvm.JdbcExecutor [main] SELECT MD5SUM FROM POSITION_SQUARE.DATABASECHANGELOG WHERE MD5SUM IS NOT NULL LIMIT 1
2020-05-05 12:27:33,544 INFO liquibase.executor.jvm.JdbcExecutor [main] SELECT COUNT(*) FROM POSITION_SQUARE.DATABASECHANGELOG
2020-05-05 12:27:33,544 INFO liquibase.changelog.StandardChangeLogHistoryService [main] Reading from POSITION_SQUARE.DATABASECHANGELOG
2020-05-05 12:27:33,545 INFO liquibase.executor.jvm.JdbcExecutor [main] SELECT * FROM POSITION_SQUARE.DATABASECHANGELOG ORDER BY DATEEXECUTED ASC, ORDEREXECUTED ASC
2020-05-05 12:27:33,557 INFO liquibase.executor.jvm.JdbcExecutor [main] ALTER TABLE POSITION_SQUARE.GOOGLE_CLICKS ADD id BIGINT AUTO_INCREMENT NOT NULL PRIMARY KEY
2020-05-05 12:27:34,252 INFO liquibase.changelog.ChangeSet [main] Columns id(BIGINT) added to GOOGLE_CLICKS
2020-05-05 12:27:34,254 INFO liquibase.executor.jvm.JdbcExecutor [main] ALTER TABLE POSITION_SQUARE.GOOGLE_CLICKS MODIFY ID INT AUTO_INCREMENT
2020-05-05 12:27:35,121 INFO liquibase.executor.jvm.JdbcExecutor [main] ALTER TABLE POSITION_SQUARE.GOOGLE_CLICKS AUTO_INCREMENT=1
2020-05-05 12:27:35,201 INFO liquibase.changelog.ChangeSet [main] Auto-increment added to GOOGLE_CLICKS.ID
2020-05-05 12:27:35,201 INFO liquibase.executor.jvm.JdbcExecutor [main] ALTER TABLE POSITION_SQUARE.GOOGLE_CLICKS CHANGE CLICK_ID GCL_ID VARCHAR(45)
2020-05-05 12:27:35,313 INFO liquibase.changelog.ChangeSet [main] Column GOOGLE_CLICKS.CLICK_ID renamed to GCL_ID
2020-05-05 12:27:35,314 INFO liquibase.changelog.ChangeSet [main] ChangeSet /changelog/changelog-1.1.xml::1.2::Venu ran successfully in 1759ms
2020-05-05 12:27:35,317 INFO liquibase.executor.jvm.JdbcExecutor [main] SELECT MAX(ORDEREXECUTED) FROM POSITION_SQUARE.DATABASECHANGELOG
2020-05-05 12:27:35,323 INFO liquibase.executor.jvm.JdbcExecutor [main] INSERT INTO POSITION_SQUARE.DATABASECHANGELOG (ID, AUTHOR, FILENAME, DATEEXECUTED, ORDEREXECUTED, MD5SUM, `DESCRIPTION`, COMMENTS, EXECTYPE, CONTEXTS, LABELS, LIQUIBASE, DEPLOYMENT_ID) VALUES ('1.2', 'Venu', '/changelog/changelog-1.1.xml', NOW(), 2, '8:2cfe7f311b9bd04de8677158b4915c5b', 'addColumn tableName=GOOGLE_CLICKS; addAutoIncrement columnName=ID, tableName=GOOGLE_CLICKS; renameColumn newColumnName=GCL_ID, oldColumnName=CLICK_ID, tableName=GOOGLE_CLICKS', '', 'EXECUTED', NULL, NULL, '3.8.8', '8661853547')
2020-05-05 12:27:35,424 INFO liquibase.lockservice.StandardLockService [main] Successfully released change log lock
2020-05-05 12:27:35,533 INFO org.hibernate.jpa.internal.util.LogHelper [main] HHH000204: Processing PersistenceUnitInfo [name: default]
2020-05-05 12:27:35,583 INFO org.hibernate.Version [main] HHH000412: Hibernate ORM core version 5.4.12.Final
2020-05-05 12:27:35,707 INFO org.hibernate.annotations.common.Version [main] HCANN000001: Hibernate Commons Annotations {5.1.0.Final}
2020-05-05 12:27:35,812 INFO org.hibernate.dialect.Dialect [main] HHH000400: Using dialect: org.hibernate.dialect.MySQL57Dialect
2020-05-05 12:27:36,276 INFO org.hibernate.engine.transaction.jta.platform.internal.JtaPlatformInitiator [main] HHH000490: Using JtaPlatform implementation: [org.hibernate.engine.transaction.jta.platform.internal.NoJtaPlatform]
2020-05-05 12:27:36,748 INFO springfox.documentation.spring.web.PropertySourcedRequestMappingHandlerMapping [main] Mapped URL path [/v2/api-docs] onto method [springfox.documentation.swagger2.web.Swagger2Controller#getDocumentation(String, HttpServletRequest)]
2020-05-05 12:27:37,140 INFO springfox.documentation.spring.web.plugins.DocumentationPluginsBootstrapper [main] Context refreshed
2020-05-05 12:27:37,151 INFO springfox.documentation.spring.web.plugins.DocumentationPluginsBootstrapper [main] Found 1 custom documentation plugin(s)
2020-05-05 12:27:37,172 INFO springfox.documentation.spring.web.scanners.ApiListingReferenceScanner [main] Scanning for api listing references
2020-05-05 12:27:37,327 INFO com.position.positionSquareService.PositionSquareServiceApplication [main] Started PositionSquareServiceApplication in 8.739 seconds (JVM running for 9.597)
2020-05-05 12:28:47,842 INFO org.apache.catalina.core.ContainerBase.[Tomcat].[localhost].[/] [http-nio-8181-exec-2] Initializing Spring DispatcherServlet 'dispatcherServlet'
2020-05-05 12:29:55,964 INFO com.zaxxer.hikari.HikariDataSource [RMI TCP Connection(4)-127.0.0.1] HikariPool-1 - Shutdown initiated...
2020-05-05 12:29:55,985 INFO com.zaxxer.hikari.HikariDataSource [RMI TCP Connection(4)-127.0.0.1] HikariPool-1 - Shutdown completed.
2020-05-05 18:13:41,885 INFO com.position.positionSquareService.PositionSquareServiceApplication [main] Starting PositionSquareServiceApplication on venu-X556UR with PID 21838 (/home/venu/Documents/Position2/positionsqaureservice/target/classes started by venu in /home/venu/Documents/Position2/positionsqaureservice)
2020-05-05 18:13:41,984 INFO com.position.positionSquareService.PositionSquareServiceApplication [main] The following profiles are active: dev
2020-05-05 18:13:44,842 WARN org.mybatis.spring.mapper.ClassPathMapperScanner [main] No MyBatis mapper was found in '[com.position.positionSquareService]' package. Please check your configuration.
2020-05-05 18:13:45,662 INFO org.apache.catalina.core.StandardService [main] Starting service [Tomcat]
2020-05-05 18:13:45,662 INFO org.apache.catalina.core.StandardEngine [main] Starting Servlet engine: [Apache Tomcat/9.0.33]
2020-05-05 18:13:45,758 INFO org.apache.catalina.core.ContainerBase.[Tomcat].[localhost].[/] [main] Initializing Spring embedded WebApplicationContext
2020-05-05 18:13:46,289 INFO com.zaxxer.hikari.HikariDataSource [main] HikariPool-1 - Starting...
2020-05-05 18:13:47,277 INFO com.zaxxer.hikari.HikariDataSource [main] HikariPool-1 - Start completed.
2020-05-05 18:13:48,322 INFO liquibase.executor.jvm.JdbcExecutor [main] SELECT COUNT(*) FROM POSITION_SQUARE.DATABASECHANGELOGLOCK
2020-05-05 18:13:48,409 INFO liquibase.executor.jvm.JdbcExecutor [main] SELECT COUNT(*) FROM POSITION_SQUARE.DATABASECHANGELOGLOCK
2020-05-05 18:13:48,412 INFO liquibase.executor.jvm.JdbcExecutor [main] SELECT `LOCKED` FROM POSITION_SQUARE.DATABASECHANGELOGLOCK WHERE ID=1
2020-05-05 18:13:48,594 INFO liquibase.lockservice.StandardLockService [main] Successfully acquired change log lock
2020-05-05 18:13:50,503 INFO liquibase.executor.jvm.JdbcExecutor [main] SELECT MD5SUM FROM POSITION_SQUARE.DATABASECHANGELOG WHERE MD5SUM IS NOT NULL LIMIT 1
2020-05-05 18:13:50,505 INFO liquibase.executor.jvm.JdbcExecutor [main] SELECT COUNT(*) FROM POSITION_SQUARE.DATABASECHANGELOG
2020-05-05 18:13:50,506 INFO liquibase.changelog.StandardChangeLogHistoryService [main] Reading from POSITION_SQUARE.DATABASECHANGELOG
2020-05-05 18:13:50,506 INFO liquibase.executor.jvm.JdbcExecutor [main] SELECT * FROM POSITION_SQUARE.DATABASECHANGELOG ORDER BY DATEEXECUTED ASC, ORDEREXECUTED ASC
2020-05-05 18:13:50,582 INFO liquibase.lockservice.StandardLockService [main] Successfully released change log lock
2020-05-05 18:13:50,941 INFO org.hibernate.jpa.internal.util.LogHelper [main] HHH000204: Processing PersistenceUnitInfo [name: default]
2020-05-05 18:13:51,152 INFO org.hibernate.Version [main] HHH000412: Hibernate ORM core version 5.4.12.Final
2020-05-05 18:13:51,852 INFO org.hibernate.annotations.common.Version [main] HCANN000001: Hibernate Commons Annotations {5.1.0.Final}
2020-05-05 18:13:52,003 INFO org.hibernate.dialect.Dialect [main] HHH000400: Using dialect: org.hibernate.dialect.MySQL57Dialect
2020-05-05 18:13:52,681 INFO org.hibernate.engine.transaction.jta.platform.internal.JtaPlatformInitiator [main] HHH000490: Using JtaPlatform implementation: [org.hibernate.engine.transaction.jta.platform.internal.NoJtaPlatform]
2020-05-05 18:13:53,539 INFO springfox.documentation.spring.web.PropertySourcedRequestMappingHandlerMapping [main] Mapped URL path [/v2/api-docs] onto method [springfox.documentation.swagger2.web.Swagger2Controller#getDocumentation(String, HttpServletRequest)]
2020-05-05 18:13:54,216 INFO springfox.documentation.spring.web.plugins.DocumentationPluginsBootstrapper [main] Context refreshed
2020-05-05 18:13:54,231 INFO springfox.documentation.spring.web.plugins.DocumentationPluginsBootstrapper [main] Found 1 custom documentation plugin(s)
2020-05-05 18:13:54,252 INFO springfox.documentation.spring.web.scanners.ApiListingReferenceScanner [main] Scanning for api listing references
2020-05-05 18:13:54,479 INFO com.position.positionSquareService.PositionSquareServiceApplication [main] Started PositionSquareServiceApplication in 14.25 seconds (JVM running for 15.257)
2020-05-05 18:14:14,840 INFO org.apache.catalina.core.ContainerBase.[Tomcat].[localhost].[/] [http-nio-8181-exec-1] Initializing Spring DispatcherServlet 'dispatcherServlet'
2020-05-05 18:14:20,916 INFO com.zaxxer.hikari.HikariDataSource [RMI TCP Connection(3)-127.0.0.1] HikariPool-1 - Shutdown initiated...
2020-05-05 18:14:20,949 INFO com.zaxxer.hikari.HikariDataSource [RMI TCP Connection(3)-127.0.0.1] HikariPool-1 - Shutdown completed.
2020-05-05 18:17:43,882 INFO com.position.positionSquareService.PositionSquareServiceApplication [main] Starting PositionSquareServiceApplication on venu-X556UR with PID 22239 (/home/venu/Documents/Position2/positionsqaureservice/target/classes started by venu in /home/venu/Documents/Position2/positionsqaureservice)
2020-05-05 18:17:43,885 INFO com.position.positionSquareService.PositionSquareServiceApplication [main] The following profiles are active: dev
2020-05-05 18:17:45,059 WARN org.mybatis.spring.mapper.ClassPathMapperScanner [main] No MyBatis mapper was found in '[com.position.positionSquareService]' package. Please check your configuration.
2020-05-05 18:17:45,541 INFO org.apache.catalina.core.StandardService [main] Starting service [Tomcat]
2020-05-05 18:17:45,542 INFO org.apache.catalina.core.StandardEngine [main] Starting Servlet engine: [Apache Tomcat/9.0.33]
2020-05-05 18:17:45,609 INFO org.apache.catalina.core.ContainerBase.[Tomcat].[localhost].[/] [main] Initializing Spring embedded WebApplicationContext
2020-05-05 18:17:45,709 INFO com.zaxxer.hikari.HikariDataSource [main] HikariPool-1 - Starting...
2020-05-05 18:17:46,004 INFO com.zaxxer.hikari.HikariDataSource [main] HikariPool-1 - Start completed.
2020-05-05 18:17:46,917 INFO liquibase.executor.jvm.JdbcExecutor [main] SELECT COUNT(*) FROM POSITION_SQUARE.DATABASECHANGELOGLOCK
2020-05-05 18:17:46,957 INFO liquibase.executor.jvm.JdbcExecutor [main] SELECT COUNT(*) FROM POSITION_SQUARE.DATABASECHANGELOGLOCK
2020-05-05 18:17:46,959 INFO liquibase.executor.jvm.JdbcExecutor [main] SELECT `LOCKED` FROM POSITION_SQUARE.DATABASECHANGELOGLOCK WHERE ID=1
2020-05-05 18:17:47,085 INFO liquibase.lockservice.StandardLockService [main] Successfully acquired change log lock
2020-05-05 18:17:48,802 INFO liquibase.executor.jvm.JdbcExecutor [main] SELECT MD5SUM FROM POSITION_SQUARE.DATABASECHANGELOG WHERE MD5SUM IS NOT NULL LIMIT 1
2020-05-05 18:17:48,803 INFO liquibase.executor.jvm.JdbcExecutor [main] SELECT COUNT(*) FROM POSITION_SQUARE.DATABASECHANGELOG
2020-05-05 18:17:48,804 INFO liquibase.changelog.StandardChangeLogHistoryService [main] Reading from POSITION_SQUARE.DATABASECHANGELOG
2020-05-05 18:17:48,805 INFO liquibase.executor.jvm.JdbcExecutor [main] SELECT * FROM POSITION_SQUARE.DATABASECHANGELOG ORDER BY DATEEXECUTED ASC, ORDEREXECUTED ASC
2020-05-05 18:17:48,851 INFO liquibase.lockservice.StandardLockService [main] Successfully released change log lock
2020-05-05 18:17:48,948 INFO org.hibernate.jpa.internal.util.LogHelper [main] HHH000204: Processing PersistenceUnitInfo [name: default]
2020-05-05 18:17:48,988 INFO org.hibernate.Version [main] HHH000412: Hibernate ORM core version 5.4.12.Final
2020-05-05 18:17:49,089 INFO org.hibernate.annotations.common.Version [main] HCANN000001: Hibernate Commons Annotations {5.1.0.Final}
2020-05-05 18:17:49,157 INFO org.hibernate.dialect.Dialect [main] HHH000400: Using dialect: org.hibernate.dialect.MySQL57Dialect
2020-05-05 18:17:49,579 INFO org.hibernate.engine.transaction.jta.platform.internal.JtaPlatformInitiator [main] HHH000490: Using JtaPlatform implementation: [org.hibernate.engine.transaction.jta.platform.internal.NoJtaPlatform]
2020-05-05 18:17:50,279 INFO springfox.documentation.spring.web.PropertySourcedRequestMappingHandlerMapping [main] Mapped URL path [/v2/api-docs] onto method [springfox.documentation.swagger2.web.Swagger2Controller#getDocumentation(String, HttpServletRequest)]
2020-05-05 18:17:50,708 INFO springfox.documentation.spring.web.plugins.DocumentationPluginsBootstrapper [main] Context refreshed
2020-05-05 18:17:50,724 INFO springfox.documentation.spring.web.plugins.DocumentationPluginsBootstrapper [main] Found 1 custom documentation plugin(s)
2020-05-05 18:17:50,748 INFO springfox.documentation.spring.web.scanners.ApiListingReferenceScanner [main] Scanning for api listing references
2020-05-05 18:17:50,920 INFO com.position.positionSquareService.PositionSquareServiceApplication [main] Started PositionSquareServiceApplication in 7.521 seconds (JVM running for 8.258)
2020-05-05 18:17:53,842 INFO org.apache.catalina.core.ContainerBase.[Tomcat].[localhost].[/] [http-nio-8181-exec-1] Initializing Spring DispatcherServlet 'dispatcherServlet'
2020-05-05 18:17:56,966 INFO com.zaxxer.hikari.HikariDataSource [RMI TCP Connection(3)-127.0.0.1] HikariPool-1 - Shutdown initiated...
2020-05-05 18:17:56,989 INFO com.zaxxer.hikari.HikariDataSource [RMI TCP Connection(3)-127.0.0.1] HikariPool-1 - Shutdown completed.
2020-05-05 19:22:08,256 INFO com.position.positionSquareService.PositionSquareServiceApplication [main] Starting PositionSquareServiceApplication on venu-X556UR with PID 26314 (/home/venu/Documents/Position2/positionsqaureservice/target/classes started by venu in /home/venu/Documents/Position2/positionsqaureservice)
2020-05-05 19:22:08,340 INFO com.position.positionSquareService.PositionSquareServiceApplication [main] The following profiles are active: dev
2020-05-05 19:22:11,279 WARN org.mybatis.spring.mapper.ClassPathMapperScanner [main] No MyBatis mapper was found in '[com.position.positionSquareService]' package. Please check your configuration.
2020-05-05 19:22:12,032 INFO org.apache.catalina.core.StandardService [main] Starting service [Tomcat]
2020-05-05 19:22:12,032 INFO org.apache.catalina.core.StandardEngine [main] Starting Servlet engine: [Apache Tomcat/9.0.33]
2020-05-05 19:22:12,196 INFO org.apache.catalina.core.ContainerBase.[Tomcat].[localhost].[/] [main] Initializing Spring embedded WebApplicationContext
2020-05-05 19:22:12,434 INFO com.zaxxer.hikari.HikariDataSource [main] HikariPool-1 - Starting...
2020-05-05 19:22:13,530 INFO com.zaxxer.hikari.HikariDataSource [main] HikariPool-1 - Start completed.
2020-05-05 19:22:14,542 INFO liquibase.executor.jvm.JdbcExecutor [main] SELECT COUNT(*) FROM POSITION_SQUARE.DATABASECHANGELOGLOCK
2020-05-05 19:22:14,548 INFO liquibase.executor.jvm.JdbcExecutor [main] SELECT COUNT(*) FROM POSITION_SQUARE.DATABASECHANGELOGLOCK
2020-05-05 19:22:14,550 INFO liquibase.executor.jvm.JdbcExecutor [main] SELECT `LOCKED` FROM POSITION_SQUARE.DATABASECHANGELOGLOCK WHERE ID=1
2020-05-05 19:22:14,635 INFO liquibase.lockservice.StandardLockService [main] Successfully acquired change log lock
2020-05-05 19:22:16,789 INFO liquibase.executor.jvm.JdbcExecutor [main] SELECT MD5SUM FROM POSITION_SQUARE.DATABASECHANGELOG WHERE MD5SUM IS NOT NULL LIMIT 1
2020-05-05 19:22:16,791 INFO liquibase.executor.jvm.JdbcExecutor [main] SELECT COUNT(*) FROM POSITION_SQUARE.DATABASECHANGELOG
2020-05-05 19:22:16,791 INFO liquibase.changelog.StandardChangeLogHistoryService [main] Reading from POSITION_SQUARE.DATABASECHANGELOG
2020-05-05 19:22:16,792 INFO liquibase.executor.jvm.JdbcExecutor [main] SELECT * FROM POSITION_SQUARE.DATABASECHANGELOG ORDER BY DATEEXECUTED ASC, ORDEREXECUTED ASC
2020-05-05 19:22:16,847 INFO liquibase.lockservice.StandardLockService [main] Successfully released change log lock
2020-05-05 19:22:17,269 INFO org.hibernate.jpa.internal.util.LogHelper [main] HHH000204: Processing PersistenceUnitInfo [name: default]
2020-05-05 19:22:17,393 INFO org.hibernate.Version [main] HHH000412: Hibernate ORM core version 5.4.12.Final
2020-05-05 19:22:17,790 INFO org.hibernate.annotations.common.Version [main] HCANN000001: Hibernate Commons Annotations {5.1.0.Final}
2020-05-05 19:22:18,024 INFO org.hibernate.dialect.Dialect [main] HHH000400: Using dialect: org.hibernate.dialect.MySQL57Dialect
2020-05-05 19:22:19,088 INFO org.hibernate.engine.transaction.jta.platform.internal.JtaPlatformInitiator [main] HHH000490: Using JtaPlatform implementation: [org.hibernate.engine.transaction.jta.platform.internal.NoJtaPlatform]
2020-05-05 19:22:20,220 INFO springfox.documentation.spring.web.PropertySourcedRequestMappingHandlerMapping [main] Mapped URL path [/v2/api-docs] onto method [springfox.documentation.swagger2.web.Swagger2Controller#getDocumentation(String, HttpServletRequest)]
2020-05-05 19:22:21,044 INFO springfox.documentation.spring.web.plugins.DocumentationPluginsBootstrapper [main] Context refreshed
2020-05-05 19:22:21,097 INFO springfox.documentation.spring.web.plugins.DocumentationPluginsBootstrapper [main] Found 1 custom documentation plugin(s)
2020-05-05 19:22:21,136 INFO springfox.documentation.spring.web.scanners.ApiListingReferenceScanner [main] Scanning for api listing references
2020-05-05 19:22:21,362 INFO com.position.positionSquareService.PositionSquareServiceApplication [main] Started PositionSquareServiceApplication in 15.906 seconds (JVM running for 19.737)
2020-05-05 19:22:29,735 INFO org.apache.catalina.core.ContainerBase.[Tomcat].[localhost].[/] [http-nio-8181-exec-1] Initializing Spring DispatcherServlet 'dispatcherServlet'
2020-05-05 19:22:44,827 INFO com.zaxxer.hikari.HikariDataSource [RMI TCP Connection(3)-127.0.0.1] HikariPool-1 - Shutdown initiated...
2020-05-05 19:22:44,877 INFO com.zaxxer.hikari.HikariDataSource [RMI TCP Connection(3)-127.0.0.1] HikariPool-1 - Shutdown completed.
